02/07/2023 04:55:30 PM    ==== Scoary started ====
02/07/2023 04:55:30 PM    Command: /Users/a1667917/mambaforge/envs/scoary/bin/scoary -g panaroo_scoary_output/gene_presence_absence_roary.csv -t scoary_trait.csv
02/07/2023 04:55:30 PM    Reading gene presence absence file
02/07/2023 04:55:30 PM    Creating Hamming distance matrix based on gene presence/absence
02/07/2023 04:55:30 PM    Building UPGMA tree from distance matrix
02/07/2023 04:55:30 PM    Reading traits file
02/07/2023 04:55:30 PM    Finished loading files into memory.


02/07/2023 04:55:30 PM    ==== Performing statistics ====
02/07/2023 04:55:30 PM    -- Filtration options --
02/07/2023 04:55:30 PM    Individual (Naive):    0.05
02/07/2023 04:55:30 PM    Collapse genes:    False


02/07/2023 04:55:30 PM    Tallying genes and performing statistical analyses
02/07/2023 04:55:30 PM    Gene-wise counting and Fisher's exact tests for trait: Timepoint
02/07/2023 04:55:30 PM    Adding p-values adjusted for testing multiple hypotheses
02/07/2023 04:55:30 PM    Storing results: Timepoint
02/07/2023 04:55:30 PM    Calculating max number of contrasting pairs for each nominally significant gene
02/07/2023 04:55:30 PM    Storing results to file
02/07/2023 04:55:30 PM    

02/07/2023 04:55:30 PM    ==== Finished ====
02/07/2023 04:55:30 PM    Checked a total of 4240 genes for associations to 1 trait(s). Total time used: 0 seconds.
02/07/2023 04:55:30 PM    No warnings were recorded.
